Arguments: 
  /usr/local/bin/node /usr/local/lib/node_modules/yarn/bin/yarn.js workspace frontend dev

PATH: 
  /tmp/yarn--1624656458218-0.9993088967930046:/home/mmillet/Documents/Ynov/devWeb/bail2sneakers/node_modules/.bin:/home/mmillet/.config/yarn/link/node_modules/.bin:/home/mmillet/Documents/Ynov/devWeb/bail2sneakers/node_modules/.bin:/home/mmillet/.yarn/bin:/usr/local/libexec/lib/node_modules/npm/bin/node-gyp-bin:/usr/local/lib/node_modules/npm/bin/node-gyp-bin:/usr/local/bin/node_modules/npm/bin/node-gyp-bin:/home/mmillet/.local/bin:/usr/local/sbin:/usr/local/bin:/usr/sbin:/usr/bin:/sbin:/bin:/usr/games:/usr/local/games:/snap/bin:/snap/bin

Yarn version: 
  1.22.10

Node version: 
  14.16.1

Platform: 
  linux x64

Trace: 
  SyntaxError: /home/mmillet/Documents/Ynov/devWeb/bail2sneakers/backend/package.json: Unexpected string in JSON at position 987
      at JSON.parse (<anonymous>)
      at /usr/local/lib/node_modules/yarn/lib/cli.js:1625:59
      at Generator.next (<anonymous>)
      at step (/usr/local/lib/node_modules/yarn/lib/cli.js:310:30)
      at /usr/local/lib/node_modules/yarn/lib/cli.js:321:13

npm manifest: 
  {
    "name": "yarn-monorepo",
    "version": "1.0.0",
    "main": "index.js",
    "license": "MIT",
    "private": true,
    "workspaces": [
  	"frontend",
  	"backend",
  	"packages/*"
    ],
    "scripts": {
  	"dev:back": "yarn workspace backend dev",
  	"dev:front": "yarn workspace frontend dev",
  	"build": "yarn workspace frontend build",
      "start": "yarn workspace backend start"
    }
  }

yarn manifest: 
  No manifest

Lockfile: 
  
